<?xml version="1.0" encoding="UTF-8"?>
<testsuite name="FriendshipsHamcrestTest" tests="1" skipped="0" failures="0" errors="0" timestamp="2022-12-01T17:00:34" hostname="DESKTOP-55GE5M0" time="0.017">
  <properties/>
  <testcase name="checkIfListIsSmallerThan13()" classname="FriendshipsHamcrestTest" time="0.017"/>
  <system-out><![CDATA[]]></system-out>
  <system-err><![CDATA[]]></system-err>
</testsuite>
